<?xml version="1.0" encoding="UTF-8"?>
<!-- Generated by org.testng.reporters.JUnitXMLReporter -->
<testsuite hostname="VRRNKSD" ignored="0" name="Test" tests="1" failures="1" timestamp="10 Apr 2018 07:51:51 GMT" time="245.394" errors="0">
  <testcase name="@AfterMethod closeAppication" time="2.018" classname="generic.BaseTest">
    <failure type="org.openqa.selenium.WebDriverException" message="org.apache.http.conn.HttpHostConnectException: Connect to localhost:38439 [localhost/127.0.0.1, localhost/0:0:0:0:0:0:0:1] failed: Connection refused: connect
Build info: version: &amp;apos;3.8.1&amp;apos;, revision: &amp;apos;6e95a6684b&amp;apos;, time: &amp;apos;2017-12-01T19:05:32.194Z&amp;apos;
System info: host: &amp;apos;VRRNKSD&amp;apos;, ip: &amp;apos;192.168.223.1&amp;apos;, os.name: &amp;apos;Windows 8&amp;apos;, os.arch: &amp;apos;amd64&amp;apos;, os.version: &amp;apos;6.2&amp;apos;, java.version: &amp;apos;1.8.0_131&amp;apos;
Driver info: driver.version: RemoteWebDriver">
      <![CDATA[org.openqa.selenium.WebDriverException: org.apache.http.conn.HttpHostConnectException: Connect to localhost:38439 [localhost/127.0.0.1, localhost/0:0:0:0:0:0:0:1] failed: Connection refused: connectBuild info: version: '3.8.1', revision: '6e95a6684b', time: '2017-12-01T19:05:32.194Z'System info: host: 'VRRNKSD', ip: '192.168.223.1', os.name: 'Windows 8', os.arch: 'amd64', os.version: '6.2', java.version: '1.8.0_131'Driver info: driver.version: RemoteWebDriverat org.openqa.selenium.remote.service.DriverCommandExecutor.execute(DriverCommandExecutor.java:92)at org.openqa.selenium.remote.RemoteWebDriver.execute(RemoteWebDriver.java:601)at org.openqa.selenium.remote.RemoteWebDriver.execute(RemoteWebDriver.java:658)at org.openqa.selenium.remote.RemoteWebDriver.getScreenshotAs(RemoteWebDriver.java:343)at generic.AUL.getPhoto(AUL.java:39)at generic.BaseTest.closeAppication(BaseTest.java:56)Caused by: org.apache.http.conn.HttpHostConnectException: Connect to localhost:38439 [localhost/127.0.0.1, localhost/0:0:0:0:0:0:0:1] failed: Connection refused: connectat org.apache.http.impl.conn.DefaultHttpClientConnectionOperator.connect(DefaultHttpClientConnectionOperator.java:159)at org.apache.http.impl.conn.PoolingHttpClientConnectionManager.connect(PoolingHttpClientConnectionManager.java:359)at org.apache.http.impl.execchain.MainClientExec.establishRoute(MainClientExec.java:381)at org.apache.http.impl.execchain.MainClientExec.execute(MainClientExec.java:237)at org.apache.http.impl.execchain.ProtocolExec.execute(ProtocolExec.java:185)at org.apache.http.impl.execchain.RetryExec.execute(RetryExec.java:89)at org.apache.http.impl.execchain.RedirectExec.execute(RedirectExec.java:111)at org.apache.http.impl.client.InternalHttpClient.doExecute(InternalHttpClient.java:185)at org.apache.http.impl.client.CloseableHttpClient.execute(CloseableHttpClient.java:72)at org.apache.http.impl.client.CloseableHttpClient.execute(CloseableHttpClient.java:56)at org.openqa.selenium.remote.internal.ApacheHttpClient.fallBackExecute(ApacheHttpClient.java:138)at org.openqa.selenium.remote.internal.ApacheHttpClient.execute(ApacheHttpClient.java:86)at org.openqa.selenium.remote.HttpCommandExecutor.execute(HttpCommandExecutor.java:161)at org.openqa.selenium.remote.service.DriverCommandExecutor.execute(DriverCommandExecutor.java:83)... 33 moreCaused by: java.net.ConnectException: Connection refused: connectat java.net.DualStackPlainSocketImpl.waitForConnect(Native Method)at java.net.DualStackPlainSocketImpl.socketConnect(DualStackPlainSocketImpl.java:85)at java.net.AbstractPlainSocketImpl.doConnect(AbstractPlainSocketImpl.java:350)at java.net.AbstractPlainSocketImpl.connectToAddress(AbstractPlainSocketImpl.java:206)at java.net.AbstractPlainSocketImpl.connect(AbstractPlainSocketImpl.java:188)at java.net.PlainSocketImpl.connect(PlainSocketImpl.java:172)at java.net.SocksSocketImpl.connect(SocksSocketImpl.java:392)at java.net.Socket.connect(Socket.java:589)at org.apache.http.conn.socket.PlainConnectionSocketFactory.connectSocket(PlainConnectionSocketFactory.java:75)at org.apache.http.impl.conn.DefaultHttpClientConnectionOperator.connect(DefaultHttpClientConnectionOperator.java:142)... 46 more... Removed 28 stack frames]]>
    </failure>
  </testcase> <!-- @AfterMethod closeAppication -->
  <testcase name="testcomposeMail" time="234.492" classname="script.ComposeMail">
    <failure type="org.openqa.selenium.WebDriverException" message="java.net.SocketException: Connection reset
Build info: version: &amp;apos;3.8.1&amp;apos;, revision: &amp;apos;6e95a6684b&amp;apos;, time: &amp;apos;2017-12-01T19:05:32.194Z&amp;apos;
System info: host: &amp;apos;VRRNKSD&amp;apos;, ip: &amp;apos;192.168.223.1&amp;apos;, os.name: &amp;apos;Windows 8&amp;apos;, os.arch: &amp;apos;amd64&amp;apos;, os.version: &amp;apos;6.2&amp;apos;, java.version: &amp;apos;1.8.0_131&amp;apos;
Driver info: driver.version: RemoteWebDriver">
      <![CDATA[org.openqa.selenium.WebDriverException: java.net.SocketException: Connection resetBuild info: version: '3.8.1', revision: '6e95a6684b', time: '2017-12-01T19:05:32.194Z'System info: host: 'VRRNKSD', ip: '192.168.223.1', os.name: 'Windows 8', os.arch: 'amd64', os.version: '6.2', java.version: '1.8.0_131'Driver info: driver.version: RemoteWebDriverat org.openqa.selenium.remote.service.DriverCommandExecutor.execute(DriverCommandExecutor.java:92)at org.openqa.selenium.remote.RemoteWebDriver.execute(RemoteWebDriver.java:601)at org.openqa.selenium.remote.RemoteWebDriver.findElement(RemoteWebDriver.java:371)at org.openqa.selenium.remote.RemoteWebDriver.findElementByXPath(RemoteWebDriver.java:473)at org.openqa.selenium.By$ByXPath.findElement(By.java:361)at org.openqa.selenium.remote.RemoteWebDriver.findElement(RemoteWebDriver.java:363)at org.openqa.selenium.support.pagefactory.DefaultElementLocator.findElement(DefaultElementLocator.java:69)at org.openqa.selenium.support.pagefactory.internal.LocatingElementHandler.invoke(LocatingElementHandler.java:38)at com.sun.proxy.$Proxy11.isDisplayed(Unknown Source)at org.openqa.selenium.support.ui.ExpectedConditions.elementIfVisible(ExpectedConditions.java:301)at org.openqa.selenium.support.ui.ExpectedConditions.access$100(ExpectedConditions.java:43)at org.openqa.selenium.support.ui.ExpectedConditions$10.apply(ExpectedConditions.java:287)at org.openqa.selenium.support.ui.ExpectedConditions$10.apply(ExpectedConditions.java:284)at org.openqa.selenium.support.ui.ExpectedConditions$23.apply(ExpectedConditions.java:672)at org.openqa.selenium.support.ui.ExpectedConditions$23.apply(ExpectedConditions.java:668)at org.openqa.selenium.support.ui.FluentWait.until(FluentWait.java:208)at page.InboxPage.clickHamburgerMenu(InboxPage.java:62)at script.ComposeMail.testcomposeMail(ComposeMail.java:49)Caused by: java.net.SocketException: Connection resetat java.net.SocketInputStream.read(SocketInputStream.java:210)at java.net.SocketInputStream.read(SocketInputStream.java:141)at org.apache.http.impl.conn.LoggingInputStream.read(LoggingInputStream.java:84)at org.apache.http.impl.io.SessionInputBufferImpl.streamRead(SessionInputBufferImpl.java:137)at org.apache.http.impl.io.SessionInputBufferImpl.fillBuffer(SessionInputBufferImpl.java:153)at org.apache.http.impl.io.SessionInputBufferImpl.readLine(SessionInputBufferImpl.java:282)at org.apache.http.impl.conn.DefaultHttpResponseParser.parseHead(DefaultHttpResponseParser.java:138)at org.apache.http.impl.conn.DefaultHttpResponseParser.parseHead(DefaultHttpResponseParser.java:56)at org.apache.http.impl.io.AbstractMessageParser.parse(AbstractMessageParser.java:259)at org.apache.http.impl.DefaultBHttpClientConnection.receiveResponseHeader(DefaultBHttpClientConnection.java:163)at org.apache.http.impl.conn.CPoolProxy.receiveResponseHeader(CPoolProxy.java:165)at org.apache.http.protocol.HttpRequestExecutor.doReceiveResponse(HttpRequestExecutor.java:273)at org.apache.http.protocol.HttpRequestExecutor.execute(HttpRequestExecutor.java:125)at org.apache.http.impl.execchain.MainClientExec.execute(MainClientExec.java:272)at org.apache.http.impl.execchain.ProtocolExec.execute(ProtocolExec.java:185)at org.apache.http.impl.execchain.RetryExec.execute(RetryExec.java:89)at org.apache.http.impl.execchain.RedirectExec.execute(RedirectExec.java:111)at org.apache.http.impl.client.InternalHttpClient.doExecute(InternalHttpClient.java:185)at org.apache.http.impl.client.CloseableHttpClient.execute(CloseableHttpClient.java:72)at org.apache.http.impl.client.CloseableHttpClient.execute(CloseableHttpClient.java:56)at org.openqa.selenium.remote.internal.ApacheHttpClient.fallBackExecute(ApacheHttpClient.java:138)at org.openqa.selenium.remote.internal.ApacheHttpClient.execute(ApacheHttpClient.java:86)at org.openqa.selenium.remote.HttpCommandExecutor.execute(HttpCommandExecutor.java:161)at org.openqa.selenium.remote.service.DriverCommandExecutor.execute(DriverCommandExecutor.java:83)... 42 more... Removed 25 stack frames]]>
    </failure>
  </testcase> <!-- testcomposeMail -->
</testsuite> <!-- Test -->
