<?xml version="1.0" encoding="UTF-8"?>
<testng-results skipped="0" failed="1" ignored="0" total="1" passed="0">
  <reporter-output>
    <line>
      <![CDATA[firefox]]>
    </line>
    <line>
      <![CDATA[user emailid : devi.sharmila37@gmail.com]]>
    </line>
    <line>
      <![CDATA[User pwd :08514234539]]>
    </line>
    <line>
      <![CDATA[close test  :testcomposeMail  status  :2]]>
    </line>
    <line>
      <![CDATA[imgpath  :./phototestcomposeMailTue Apr 17 10-12-33 IST 2018.png]]>
    </line>
  </reporter-output>
  <suite name="Default suite" duration-ms="112151" started-at="2018-04-17T04:40:42Z" finished-at="2018-04-17T04:42:34Z">
    <groups>
    </groups>
    <test name="Default test" duration-ms="112151" started-at="2018-04-17T04:40:42Z" finished-at="2018-04-17T04:42:34Z">
      <class name="script.ComposeMailAndDelete">
        <test-method status="PASS" signature="setProperty()[pri:0, instance:script.ComposeMailAndDelete@6a192cfe]" name="setProperty" is-config="true" duration-ms="11" started-at="2018-04-17T10:10:42Z" finished-at="2018-04-17T10:10:42Z">
          <reporter-output>
          </reporter-output>
        </test-method> <!-- setProperty -->
        <test-method status="PASS" signature="openApplication()[pri:0, instance:script.ComposeMailAndDelete@6a192cfe]" name="openApplication" is-config="true" duration-ms="12411" started-at="2018-04-17T10:10:42Z" finished-at="2018-04-17T10:10:54Z">
          <reporter-output>
            <line>
              <![CDATA[firefox]]>
            </line>
          </reporter-output>
        </test-method> <!-- openApplication -->
        <test-method status="FAIL" signature="testcomposeMail()[pri:1, instance:script.ComposeMailAndDelete@6a192cfe]" name="testcomposeMail" duration-ms="98690" started-at="2018-04-17T10:10:54Z" finished-at="2018-04-17T10:12:33Z">
          <exception class="org.openqa.selenium.NoSuchElementException">
            <message>
              <![CDATA[Unable to locate element: div[aria-label='Delete']>div>divFor documentation on this error, please visit: http://seleniumhq.org/exceptions/no_such_element.htmlBuild info: version: '3.10.0', revision: '176b4a9', time: '2018-03-02T19:03:16.397Z'System info: host: 'VRRNKSD', ip: '192.168.223.1', os.name: 'Windows 8', os.arch: 'amd64', os.version: '6.2', java.version: '1.8.0_131'Driver info: org.openqa.selenium.firefox.FirefoxDriverCapabilities {acceptInsecureCerts: true, browserName: firefox, browserVersion: 59.0.2, javascriptEnabled: true, moz:accessibilityChecks: false, moz:headless: false, moz:processID: 12980, moz:profile: C:\Users\vrrnk_pc\AppData\L..., moz:useNonSpecCompliantPointerOrigin: false, moz:webdriverClick: true, pageLoadStrategy: normal, platform: XP, platformName: XP, platformVersion: 6.2, rotatable: false, timeouts: {implicit: 0, pageLoad: 300000, script: 30000}}Session ID: 1964a902-ce2c-4bdd-8d28-5fb2e44a3e61*** Element info: {Using=css selector, value=div[aria-label='Delete']>div>div}]]>
            </message>
            <full-stacktrace>
              <![CDATA[org.openqa.selenium.NoSuchElementException: Unable to locate element: div[aria-label='Delete']>div>divFor documentation on this error, please visit: http://seleniumhq.org/exceptions/no_such_element.htmlBuild info: version: '3.10.0', revision: '176b4a9', time: '2018-03-02T19:03:16.397Z'System info: host: 'VRRNKSD', ip: '192.168.223.1', os.name: 'Windows 8', os.arch: 'amd64', os.version: '6.2', java.version: '1.8.0_131'Driver info: org.openqa.selenium.firefox.FirefoxDriverCapabilities {acceptInsecureCerts: true, browserName: firefox, browserVersion: 59.0.2, javascriptEnabled: true, moz:accessibilityChecks: false, moz:headless: false, moz:processID: 12980, moz:profile: C:\Users\vrrnk_pc\AppData\L..., moz:useNonSpecCompliantPointerOrigin: false, moz:webdriverClick: true, pageLoadStrategy: normal, platform: XP, platformName: XP, platformVersion: 6.2, rotatable: false, timeouts: {implicit: 0, pageLoad: 300000, script: 30000}}Session ID: 1964a902-ce2c-4bdd-8d28-5fb2e44a3e61*** Element info: {Using=css selector, value=div[aria-label='Delete']>div>div}at sun.reflect.NativeConstructorAccessorImpl.newInstance0(Native Method)at sun.reflect.NativeConstructorAccessorImpl.newInstance(NativeConstructorAccessorImpl.java:62)at sun.reflect.DelegatingConstructorAccessorImpl.newInstance(DelegatingConstructorAccessorImpl.java:45)at java.lang.reflect.Constructor.newInstance(Constructor.java:423)at org.openqa.selenium.remote.http.W3CHttpResponseCodec.createException(W3CHttpResponseCodec.java:187)at org.openqa.selenium.remote.http.W3CHttpResponseCodec.decode(W3CHttpResponseCodec.java:122)at org.openqa.selenium.remote.http.W3CHttpResponseCodec.decode(W3CHttpResponseCodec.java:49)at org.openqa.selenium.remote.HttpCommandExecutor.execute(HttpCommandExecutor.java:160)at org.openqa.selenium.remote.service.DriverCommandExecutor.execute(DriverCommandExecutor.java:83)at org.openqa.selenium.remote.RemoteWebDriver.execute(RemoteWebDriver.java:601)at org.openqa.selenium.remote.RemoteWebDriver.findElement(RemoteWebDriver.java:371)at org.openqa.selenium.remote.RemoteWebDriver.findElementByCssSelector(RemoteWebDriver.java:465)at org.openqa.selenium.By$ByCssSelector.findElement(By.java:430)at org.openqa.selenium.remote.RemoteWebDriver.findElement(RemoteWebDriver.java:363)at page.SentMailSubPage.clickDeleteBTN(SentMailSubPage.java:36)at script.ComposeMailAndDelete.testcomposeMail(ComposeMailAndDelete.java:87)at sun.reflect.NativeMethodAccessorImpl.invoke0(Native Method)at sun.reflect.NativeMethodAccessorImpl.invoke(NativeMethodAccessorImpl.java:62)at sun.reflect.DelegatingMethodAccessorImpl.invoke(DelegatingMethodAccessorImpl.java:43)at java.lang.reflect.Method.invoke(Method.java:498)at org.testng.internal.MethodInvocationHelper.invokeMethod(MethodInvocationHelper.java:124)at org.testng.internal.Invoker.invokeMethod(Invoker.java:571)at org.testng.internal.Invoker.invokeTestMethod(Invoker.java:707)at org.testng.internal.Invoker.invokeTestMethods(Invoker.java:979)at org.testng.internal.TestMethodWorker.invokeTestMethods(TestMethodWorker.java:125)at org.testng.internal.TestMethodWorker.run(TestMethodWorker.java:109)at org.testng.TestRunner.privateRun(TestRunner.java:648)at org.testng.TestRunner.run(TestRunner.java:505)at org.testng.SuiteRunner.runTest(SuiteRunner.java:455)at org.testng.SuiteRunner.runSequentially(SuiteRunner.java:450)at org.testng.SuiteRunner.privateRun(SuiteRunner.java:415)at org.testng.SuiteRunner.run(SuiteRunner.java:364)at org.testng.SuiteRunnerWorker.runSuite(SuiteRunnerWorker.java:52)at org.testng.SuiteRunnerWorker.run(SuiteRunnerWorker.java:84)at org.testng.TestNG.runSuitesSequentially(TestNG.java:1187)at org.testng.TestNG.runSuitesLocally(TestNG.java:1116)at org.testng.TestNG.runSuites(TestNG.java:1028)at org.testng.TestNG.run(TestNG.java:996)at org.testng.remote.AbstractRemoteTestNG.run(AbstractRemoteTestNG.java:114)at org.testng.remote.RemoteTestNG.initAndRun(RemoteTestNG.java:251)at org.testng.remote.RemoteTestNG.main(RemoteTestNG.java:77)]]>
            </full-stacktrace>
          </exception> <!-- org.openqa.selenium.NoSuchElementException -->
          <reporter-output>
            <line>
              <![CDATA[user emailid : devi.sharmila37@gmail.com]]>
            </line>
            <line>
              <![CDATA[User pwd :08514234539]]>
            </line>
          </reporter-output>
        </test-method> <!-- testcomposeMail -->
        <test-method status="PASS" signature="closeAppication(org.testng.ITestResult)[pri:0, instance:script.ComposeMailAndDelete@6a192cfe]" name="closeAppication" is-config="true" duration-ms="999" started-at="2018-04-17T10:12:33Z" finished-at="2018-04-17T10:12:34Z">
          <params>
            <param index="0">
              <value>
                <![CDATA[[TestResult name=testcomposeMail status=FAILURE method=ComposeMailAndDelete.testcomposeMail()[pri:1, instance:script.ComposeMailAndDelete@6a192cfe] output=user emailid : devi.sharmila37@gmail.com]]]>
              </value>
            </param>
          </params>
          <reporter-output>
            <line>
              <![CDATA[close test  :testcomposeMail  status  :2]]>
            </line>
            <line>
              <![CDATA[imgpath  :./phototestcomposeMailTue Apr 17 10-12-33 IST 2018.png]]>
            </line>
          </reporter-output>
        </test-method> <!-- closeAppication -->
      </class> <!-- script.ComposeMailAndDelete -->
    </test> <!-- Default test -->
  </suite> <!-- Default suite -->
</testng-results>
